Arguments: 
  /Users/rrosario/.nvm/versions/node/v10.15.1/bin/node /usr/local/Cellar/yarn/1.17.3/libexec/bin/yarn.js debug

PATH: 
  /Users/rrosario/.asdf/shims:/Users/rrosario/.asdf/bin:/Users/rrosario/.nvm/versions/node/v10.15.1/bin:/usr/local/bin:/usr/bin:/bin:/usr/sbin:/sbin

Yarn version: 
  1.17.3

Node version: 
  10.15.1

Platform: 
  darwin x64

Trace: 
  SyntaxError: /Users/rrosario/Documents/Github/cucumber-puppeteer/package.json: Unexpected token } in JSON at position 494
      at JSON.parse (<anonymous>)
      at /usr/local/Cellar/yarn/1.17.3/libexec/lib/cli.js:1625:59
      at Generator.next (<anonymous>)
      at step (/usr/local/Cellar/yarn/1.17.3/libexec/lib/cli.js:304:30)
      at /usr/local/Cellar/yarn/1.17.3/libexec/lib/cli.js:315:13

npm manifest: 
  {
    "name": "cucumber-puppeteer",
    "version": "0.0.1",
    "description": "Boilerplate for developing an integration testing suite using Cucumber and Puppeteer.",
    "main": "index.js",
    "scripts": {
      "lint": "eslint \"{,!(node_modules)/**/}*.{js}\"",
      "test": "NODE_ENV=production CLIENT_ENV=jcso cucumber-js features --tags 'not @ignore'",
      "debug": "node --inspect=1337 --debug-brk --nolazy node_modules/cucumber/bin/cucumber-js --tags @debug --format json:./reports/report.json",
    },
    "repository": {
      "type": "git",
      "url": "git+https://github.com/mlampedx/cucumber-puppeteer.git"
    },
    "keywords": [
      "Cucumber",
      "Puppeteer",
      "integration",
      "testing",
      "JavaScript",
      "Chrome"
    ],
    "author": "Michael Lampe",
    "license": "MIT",
    "bugs": {
      "url": "https://github.com/mlampedx/cucumber-puppeteer/issues"
    },
    "homepage": "https://github.com/mlampedx/cucumber-puppeteer#readme",
    "devDependencies": {
      "cucumber": "^5.1.0",
      "puppeteer": "^1.19.0"
    }
  }

yarn manifest: 
  No manifest

Lockfile: 
  No lockfile
